<?xml version="1.0" encoding="UTF-8"?>
<!-- Generated by org.testng.reporters.JUnitReportReporter -->
<testsuite hostname="Dell_123" failures="0" tests="2" name="day22.Parameters_demo" time="4.460" errors="0" timestamp="2025-08-21T14:03:41 IST" skipped="0">
  <testcase classname="day22.Parameters_demo" name="login" time="3.134"/>
  <testcase classname="day22.Parameters_demo" name="clickBook" time="1.326"/>
</testsuite> <!-- day22.Parameters_demo -->
