<?xml version="1.0" encoding="UTF-8"?>
<!-- Generated by org.testng.reporters.JUnitReportReporter -->
<testsuite hostname="Dell_123" failures="0" tests="3" name="day23.Multiplegroups" time="674.924" errors="0" timestamp="2025-08-20T21:28:54 IST" skipped="0">
  <testcase classname="day23.Multiplegroups" name="login" time="304.703"/>
  <testcase classname="day23.Multiplegroups" name="profilePage" time="284.521"/>
  <testcase classname="day23.Multiplegroups" name="homePage" time="85.700"/>
</testsuite> <!-- day23.Multiplegroups -->
