<?xml version="1.0" encoding="UTF-8"?>
<!-- Generated by org.testng.reporters.JUnitReportReporter -->
<testsuite hostname="Dell_123" failures="0" tests="1" name="Day24.Data_provider" time="81.752" errors="0" timestamp="2025-08-16T14:15:54 IST" skipped="0">
  <testcase classname="Day24.Data_provider" name="launchBrowser" time="81.752"/>
</testsuite> <!-- Day24.Data_provider -->
