<?xml version="1.0" encoding="UTF-8"?>
<!-- Generated by org.testng.reporters.JUnitReportReporter -->
<testsuite hostname="Dell_123" failures="0" tests="3" name="com.testing.grouping" time="0.000" errors="0" timestamp="2025-08-20T21:30:52 IST" skipped="0">
  <testcase classname="com.testing.grouping" name="testLogin" time="0.000"/>
  <testcase classname="com.testing.grouping" name="testCheckout" time="0.000"/>
  <testcase classname="com.testing.grouping" name="testSearch" time="0.000"/>
</testsuite> <!-- com.testing.grouping -->
