<?xml version="1.0" encoding="UTF-8"?>
<!-- Generated by org.testng.reporters.JUnitReportReporter -->
<testsuite hostname="Dell_123" failures="0" tests="3" name="com.testing.grouping" time="0.013" errors="0" timestamp="2025-08-16T14:01:51 IST" skipped="0">
  <testcase classname="com.testing.grouping" name="testCheckout" time="0.010"/>
  <testcase classname="com.testing.grouping" name="testLogin" time="0.002"/>
  <testcase classname="com.testing.grouping" name="testSearch" time="0.001"/>
</testsuite> <!-- com.testing.grouping -->
