<?xml version="1.0" encoding="UTF-8"?>
<!-- Generated by org.testng.reporters.JUnitReportReporter -->
<testsuite hostname="Dell_123" failures="0" tests="3" name="com.testing.Demo" time="9.328" errors="0" timestamp="2025-08-14T14:32:49 IST" skipped="0">
  <testcase classname="com.testing.Demo" name="selectBook" time="3.542"/>
  <testcase classname="com.testing.Demo" name="launchBrowser" time="1.627"/>
  <testcase classname="com.testing.Demo" name="registerUser" time="4.159"/>
</testsuite> <!-- com.testing.Demo -->
