<?xml version="1.0" encoding="UTF-8"?>
<!-- Generated by org.testng.reporters.JUnitReportReporter -->
<testsuite hostname="Dell_123" failures="0" tests="1" name="com.test.mylearning.TestProgrsm" time="10.110" errors="0" timestamp="2025-08-21T17:52:34 IST" skipped="0">
  <testcase classname="com.test.mylearning.TestProgrsm" name="launchBrowser" time="10.110"/>
</testsuite> <!-- com.test.mylearning.TestProgrsm -->
