<?xml version="1.0" encoding="UTF-8"?>
<!-- Generated by org.testng.reporters.JUnitReportReporter -->
<testsuite hostname="Dell_123" failures="0" tests="2" name="com.testing.Application" time="10.718" errors="0" timestamp="2025-08-18T15:10:08 IST" skipped="0">
  <testcase classname="com.testing.Application" name="signUp" time="6.168"/>
  <testcase classname="com.testing.Application" name="lauchFacebook" time="4.550"/>
</testsuite> <!-- com.testing.Application -->
