<?xml version="1.0" encoding="UTF-8"?>
<!-- Generated by org.testng.reporters.JUnitReportReporter -->
<testsuite hostname="Dell_123" failures="0" tests="3" name="day23.Dataprovider" time="25.831" errors="0" timestamp="2025-08-20T23:25:44 IST" skipped="0">
  <testcase classname="day23.Dataprovider" name="login" time="3.545"/>
  <testcase classname="day23.Dataprovider" name="login" time="10.881"/>
  <testcase classname="day23.Dataprovider" name="login" time="11.405"/>
</testsuite> <!-- day23.Dataprovider -->
