<?xml version="1.0" encoding="UTF-8"?>
<!-- Generated by org.testng.reporters.JUnitReportReporter -->
<testsuite hostname="Dell_123" failures="0" tests="3" name="com.testing.Demo" time="24.750" errors="0" timestamp="2025-08-16T14:48:13 IST" skipped="0">
  <testcase classname="com.testing.Demo" name="launchBrowser" time="2.600"/>
  <testcase classname="com.testing.Demo" name="registerUser" time="13.941"/>
  <testcase classname="com.testing.Demo" name="selectBook" time="8.209"/>
</testsuite> <!-- com.testing.Demo -->
