<?xml version="1.0" encoding="UTF-8"?>
<!-- Generated by org.testng.reporters.JUnitReportReporter -->
<testsuite hostname="Dell_123" failures="0" tests="2" name="com.testing.Demo" time="5.098" errors="0" timestamp="2025-08-13T13:31:33 IST" skipped="0">
  <testcase classname="com.testing.Demo" name="launchBrowser" time="1.284"/>
  <testcase classname="com.testing.Demo" name="registerUser" time="3.814"/>
</testsuite> <!-- com.testing.Demo -->
