<?xml version="1.0" encoding="UTF-8"?>
<!-- Generated by org.testng.reporters.JUnitReportReporter -->
<testsuite hostname="Dell_123" failures="0" tests="3" name="day23.IgnoreTestCases" time="10.319" errors="0" timestamp="2025-08-19T11:32:46 IST" skipped="2">
  <testcase classname="day23.IgnoreTestCases" name="searchProducts" time="10.319"/>
  <testcase classname="day23.IgnoreTestCases" name="RegisterPage">
    <skipped/>
  </testcase> <!-- RegisterPage -->
  <testcase classname="day23.IgnoreTestCases" name="LoginPage">
    <skipped/>
  </testcase> <!-- LoginPage -->
</testsuite> <!-- day23.IgnoreTestCases -->
