<?xml version="1.0" encoding="UTF-8"?>
<!-- Generated by org.testng.reporters.JUnitReportReporter -->
<testsuite hostname="Dell_123" failures="0" tests="1" name="com.testing.Demo2" time="4.546" errors="0" timestamp="2025-08-13T17:10:06 IST" skipped="0">
  <testcase classname="com.testing.Demo2" name="LaunchBrowser" time="4.546"/>
</testsuite> <!-- com.testing.Demo2 -->
