<?xml version="1.0" encoding="UTF-8"?>
<!-- Generated by org.testng.reporters.JUnitReportReporter -->
<testsuite hostname="Dell_123" failures="0" tests="2" name="com.testing.Application" time="76.746" errors="0" timestamp="2025-08-15T14:09:45 IST" skipped="0">
  <testcase classname="com.testing.Application" name="signUp" time="36.903"/>
  <testcase classname="com.testing.Application" name="lauchFacebook" time="39.843"/>
</testsuite> <!-- com.testing.Application -->
