<?xml version="1.0" encoding="UTF-8"?>
<!-- Generated by org.testng.reporters.JUnitReportReporter -->
<testsuite hostname="Dell_123" failures="0" tests="3" name="day25.Iframes" time="37.647" errors="0" timestamp="2025-08-20T22:50:29 IST" skipped="0">
  <testcase classname="day25.Iframes" name="launching" time="27.367"/>
  <testcase classname="day25.Iframes" name="iFrame1" time="3.504"/>
  <testcase classname="day25.Iframes" name="iFrame2" time="6.776"/>
</testsuite> <!-- day25.Iframes -->
