<?xml version="1.0" encoding="UTF-8"?>
<!-- Generated by org.testng.reporters.JUnitReportReporter -->
<testsuite hostname="Dell_123" failures="0" tests="3" name="day23.IgnoreTestCases" time="9.912" errors="0" timestamp="2025-08-18T15:22:35 IST" skipped="1">
  <testcase classname="day23.IgnoreTestCases" name="loginTest" time="5.129"/>
  <testcase classname="day23.IgnoreTestCases" name="logOut" time="4.783"/>
  <testcase classname="day23.IgnoreTestCases" name="employeeSearch">
    <skipped/>
  </testcase> <!-- employeeSearch -->
</testsuite> <!-- day23.IgnoreTestCases -->
