<?xml version="1.0" encoding="UTF-8"?>
<!-- Generated by org.testng.reporters.JUnitReportReporter -->
<testsuite hostname="Dell_123" failures="0" tests="1" name="com.testing.Demo2" time="4.942" errors="0" timestamp="2025-08-14T15:41:39 IST" skipped="0">
  <testcase classname="com.testing.Demo2" name="LaunchBrowser" time="4.942"/>
</testsuite> <!-- com.testing.Demo2 -->
