<?xml version="1.0" encoding="UTF-8"?>
<!-- Generated by org.testng.reporters.JUnitReportReporter -->
<testsuite hostname="Dell_123" failures="0" tests="6" name="day23.TestGroups" time="0.010" errors="0" timestamp="2025-08-20T21:30:52 IST" skipped="0">
  <testcase classname="day23.TestGroups" name="Test3" time="0.000"/>
  <testcase classname="day23.TestGroups" name="Test5" time="0.002"/>
  <testcase classname="day23.TestGroups" name="Test6" time="0.000"/>
  <testcase classname="day23.TestGroups" name="Test2" time="0.000"/>
  <testcase classname="day23.TestGroups" name="Test1" time="0.000"/>
  <testcase classname="day23.TestGroups" name="Test4" time="0.008"/>
</testsuite> <!-- day23.TestGroups -->
