<?xml version="1.0" encoding="UTF-8"?>
<!-- Generated by org.testng.reporters.JUnitReportReporter -->
<testsuite hostname="Dell_123" failures="0" tests="2" name="day25.ListernerTestClass" time="7.489" errors="0" timestamp="2025-08-25T23:09:57 IST" skipped="0">
  <testcase classname="day25.ListernerTestClass" name="validLoginTest" time="4.398"/>
  <testcase classname="day25.ListernerTestClass" name="invalidLoginTest" time="3.091"/>
</testsuite> <!-- day25.ListernerTestClass -->
